[0m12:41:43.535546 [debug] [MainThread]: Sending event: {'category': 'dbt', 'action': 'invocation', 'label': 'start', 'context': [<snowplow_tracker.self_describing_json.SelfDescribingJson object at 0x00000247C6A89D30>, <snowplow_tracker.self_describing_json.SelfDescribingJson object at 0x00000247C966C690>, <snowplow_tracker.self_describing_json.SelfDescribingJson object at 0x00000247C966C550>]}


============================== 12:41:43.542131 | 49b73937-d750-4a0e-9c15-ccf70319a6e1 ==============================
[0m12:41:43.542131 [info ] [MainThread]: Running with dbt=1.8.9
[0m12:41:43.543253 [debug] [MainThread]: running dbt with arguments {'printer_width': '80', 'indirect_selection': 'eager', 'write_json': 'True', 'log_cache_events': 'False', 'partial_parse': 'True', 'cache_selected_only': 'False', 'profiles_dir': 'C:\\Users\\VMitrofanov\\.dbt', 'debug': 'False', 'version_check': 'True', 'log_path': 'logs', 'fail_fast': 'False', 'warn_error': 'None', 'use_colors': 'True', 'use_experimental_parser': 'False', 'empty': 'None', 'quiet': 'False', 'no_print': 'None', 'warn_error_options': 'WarnErrorOptions(include=[], exclude=[])', 'static_parser': 'True', 'invocation_command': 'dbt init my_dwh_project', 'log_format': 'default', 'target_path': 'None', 'introspect': 'True', 'send_anonymous_usage_stats': 'True'}
[0m12:41:43.572222 [warn ] [MainThread]: [ConfigFolderDirectory]: Unable to parse logging event dictionary. Failed to parse dir field: expected string or bytes-like object, got 'WindowsPath'.. Dictionary: {'dir': WindowsPath('C:/Users/VMitrofanov/.dbt')}
[0m12:41:43.573039 [info ] [MainThread]: Creating dbt configuration folder at 
[0m12:41:43.576005 [debug] [MainThread]: Starter project path: C:\Users\VMitrofanov\olist_dwh_project\.venv\Lib\site-packages\dbt\include\starter_project
[0m12:41:43.592539 [info ] [MainThread]: 
Your new dbt project "my_dwh_project" was created!

For more information on how to configure the profiles.yml file,
please consult the dbt documentation here:

  https://docs.getdbt.com/docs/configure-your-profile

One more thing:

Need help? Don't hesitate to reach out to us via GitHub issues or on Slack:

  https://community.getdbt.com/

Happy modeling!

[0m12:41:43.593625 [info ] [MainThread]: Setting up your profile.
[0m12:45:23.448048 [info ] [MainThread]: Profile my_dwh_project written to C:\Users\VMitrofanov\.dbt\profiles.yml using target's profile_template.yml and your supplied values. Run 'dbt debug' to validate the connection.
[0m12:45:23.451007 [debug] [MainThread]: Command `dbt init` succeeded at 12:45:23.450667 after 220.04 seconds
[0m12:45:23.451825 [debug] [MainThread]: Sending event: {'category': 'dbt', 'action': 'invocation', 'label': 'end', 'context': [<snowplow_tracker.self_describing_json.SelfDescribingJson object at 0x00000247C99CCC30>, <snowplow_tracker.self_describing_json.SelfDescribingJson object at 0x00000247C99B5D90>, <snowplow_tracker.self_describing_json.SelfDescribingJson object at 0x00000247C96CBBD0>]}
[0m12:45:23.452609 [debug] [MainThread]: Flushing usage events
[0m12:58:02.358163 [debug] [MainThread]: Sending event: {'category': 'dbt', 'action': 'invocation', 'label': 'start', 'context': [<snowplow_tracker.self_describing_json.SelfDescribingJson object at 0x000002821FBC9D30>, <snowplow_tracker.self_describing_json.SelfDescribingJson object at 0x00000282227BC690>, <snowplow_tracker.self_describing_json.SelfDescribingJson object at 0x00000282227BC550>]}


============================== 12:58:02.362383 | dea2919f-4767-4565-a4d3-f59dd0eb5b7b ==============================
[0m12:58:02.362383 [info ] [MainThread]: Running with dbt=1.8.9
[0m12:58:02.363564 [debug] [MainThread]: running dbt with arguments {'printer_width': '80', 'indirect_selection': 'eager', 'log_cache_events': 'False', 'write_json': 'True', 'partial_parse': 'True', 'cache_selected_only': 'False', 'warn_error': 'None', 'version_check': 'True', 'fail_fast': 'False', 'log_path': 'logs', 'debug': 'False', 'profiles_dir': 'C:\\Users\\VMitrofanov\\.dbt', 'use_colors': 'True', 'use_experimental_parser': 'False', 'no_print': 'None', 'quiet': 'False', 'empty': 'False', 'warn_error_options': 'WarnErrorOptions(include=[], exclude=[])', 'introspect': 'True', 'static_parser': 'True', 'invocation_command': 'dbt run', 'target_path': 'None', 'log_format': 'default', 'send_anonymous_usage_stats': 'True'}
[0m12:58:02.364506 [error] [MainThread]: Encountered an error:
Runtime Error
  No dbt_project.yml found at expected path C:\Users\VMitrofanov\olist_dwh_project\dbt_project.yml
  Verify that each entry within packages.yml (and their transitive dependencies) contains a file named dbt_project.yml
  
[0m12:58:02.366537 [debug] [MainThread]: Command `dbt run` failed at 12:58:02.366240 after 0.13 seconds
[0m12:58:02.367093 [debug] [MainThread]: Sending event: {'category': 'dbt', 'action': 'invocation', 'label': 'end', 'context': [<snowplow_tracker.self_describing_json.SelfDescribingJson object at 0x000002822293CD60>, <snowplow_tracker.self_describing_json.SelfDescribingJson object at 0x000002822274EC30>, <snowplow_tracker.self_describing_json.SelfDescribingJson object at 0x0000028222819260>]}
[0m12:58:02.367432 [debug] [MainThread]: Flushing usage events
[0m14:23:55.698950 [debug] [MainThread]: Sending event: {'category': 'dbt', 'action': 'invocation', 'label': 'start', 'context': [<snowplow_tracker.self_describing_json.SelfDescribingJson object at 0x0000026E41755D30>, <snowplow_tracker.self_describing_json.SelfDescribingJson object at 0x0000026E4433C690>, <snowplow_tracker.self_describing_json.SelfDescribingJson object at 0x0000026E4433C550>]}


============================== 14:23:55.705513 | 4fd9834e-b1b7-4855-b0a1-c7dbe7e4f1a5 ==============================
[0m14:23:55.705513 [info ] [MainThread]: Running with dbt=1.8.9
[0m14:23:55.706476 [debug] [MainThread]: running dbt with arguments {'printer_width': '80', 'indirect_selection': 'eager', 'write_json': 'True', 'log_cache_events': 'False', 'partial_parse': 'True', 'cache_selected_only': 'False', 'warn_error': 'None', 'version_check': 'True', 'debug': 'False', 'log_path': 'logs', 'fail_fast': 'False', 'profiles_dir': 'C:\\Users\\VMitrofanov\\.dbt', 'use_colors': 'True', 'use_experimental_parser': 'False', 'empty': 'None', 'quiet': 'False', 'no_print': 'None', 'warn_error_options': 'WarnErrorOptions(include=[], exclude=[])', 'static_parser': 'True', 'log_format': 'default', 'introspect': 'True', 'target_path': 'None', 'invocation_command': 'dbt init my_dwh_project', 'send_anonymous_usage_stats': 'True'}
[0m14:23:55.742697 [info ] [MainThread]: A project called my_dwh_project already exists here.
[0m14:23:55.744136 [debug] [MainThread]: Command `dbt init` succeeded at 14:23:55.743982 after 0.30 seconds
[0m14:23:55.744482 [debug] [MainThread]: Sending event: {'category': 'dbt', 'action': 'invocation', 'label': 'end', 'context': [<snowplow_tracker.self_describing_json.SelfDescribingJson object at 0x0000026E444BCC30>, <snowplow_tracker.self_describing_json.SelfDescribingJson object at 0x0000026E44526B10>, <snowplow_tracker.self_describing_json.SelfDescribingJson object at 0x0000026E44398D10>]}
[0m14:23:55.744824 [debug] [MainThread]: Flushing usage events
[0m14:35:32.019005 [debug] [MainThread]: Sending event: {'category': 'dbt', 'action': 'invocation', 'label': 'start', 'context': [<snowplow_tracker.self_describing_json.SelfDescribingJson object at 0x00000285D9B19D30>, <snowplow_tracker.self_describing_json.SelfDescribingJson object at 0x00000285DC6FC690>, <snowplow_tracker.self_describing_json.SelfDescribingJson object at 0x00000285DC6FC550>]}


============================== 14:35:32.027258 | d1c3bde9-b48e-48aa-9520-ae4fade2d88e ==============================
[0m14:35:32.027258 [info ] [MainThread]: Running with dbt=1.8.9
[0m14:35:32.028718 [debug] [MainThread]: running dbt with arguments {'printer_width': '80', 'indirect_selection': 'eager', 'log_cache_events': 'False', 'write_json': 'True', 'partial_parse': 'True', 'cache_selected_only': 'False', 'warn_error': 'None', 'debug': 'False', 'version_check': 'True', 'log_path': 'logs', 'profiles_dir': 'C:\\Users\\VMitrofanov\\.dbt', 'fail_fast': 'False', 'use_colors': 'True', 'use_experimental_parser': 'False', 'empty': 'False', 'quiet': 'False', 'no_print': 'None', 'log_format': 'default', 'introspect': 'True', 'warn_error_options': 'WarnErrorOptions(include=[], exclude=[])', 'static_parser': 'True', 'target_path': 'None', 'invocation_command': 'dbt run', 'send_anonymous_usage_stats': 'True'}
[0m14:35:32.029876 [error] [MainThread]: Encountered an error:
Runtime Error
  No dbt_project.yml found at expected path C:\Users\VMitrofanov\olist_dwh_project\dbt_project.yml
  Verify that each entry within packages.yml (and their transitive dependencies) contains a file named dbt_project.yml
  
[0m14:35:32.032110 [debug] [MainThread]: Command `dbt run` failed at 14:35:32.031879 after 0.23 seconds
[0m14:35:32.032633 [debug] [MainThread]: Sending event: {'category': 'dbt', 'action': 'invocation', 'label': 'end', 'context': [<snowplow_tracker.self_describing_json.SelfDescribingJson object at 0x00000285DC87CD60>, <snowplow_tracker.self_describing_json.SelfDescribingJson object at 0x00000285DC68EC30>, <snowplow_tracker.self_describing_json.SelfDescribingJson object at 0x00000285DC759260>]}
[0m14:35:32.033134 [debug] [MainThread]: Flushing usage events
[0m16:55:21.808538 [debug] [MainThread]: Sending event: {'category': 'dbt', 'action': 'invocation', 'label': 'start', 'context': [<snowplow_tracker.self_describing_json.SelfDescribingJson object at 0x00000202FC7FDD30>, <snowplow_tracker.self_describing_json.SelfDescribingJson object at 0x00000202FF3EC690>, <snowplow_tracker.self_describing_json.SelfDescribingJson object at 0x00000202FF3EC550>]}


============================== 16:55:21.820283 | 7001d23d-bfc5-433b-baee-df91e5dcd557 ==============================
[0m16:55:21.820283 [info ] [MainThread]: Running with dbt=1.8.9
[0m16:55:21.821413 [debug] [MainThread]: running dbt with arguments {'printer_width': '80', 'indirect_selection': 'eager', 'write_json': 'True', 'log_cache_events': 'False', 'partial_parse': 'True', 'cache_selected_only': 'False', 'warn_error': 'None', 'fail_fast': 'False', 'debug': 'False', 'log_path': 'logs', 'version_check': 'True', 'profiles_dir': 'C:\\Users\\VMitrofanov\\.dbt', 'use_colors': 'True', 'use_experimental_parser': 'False', 'empty': 'False', 'quiet': 'False', 'no_print': 'None', 'log_format': 'default', 'invocation_command': 'dbt run', 'introspect': 'True', 'static_parser': 'True', 'target_path': 'None', 'warn_error_options': 'WarnErrorOptions(include=[], exclude=[])', 'send_anonymous_usage_stats': 'True'}
[0m16:55:21.822041 [error] [MainThread]: Encountered an error:
Runtime Error
  No dbt_project.yml found at expected path C:\Users\VMitrofanov\olist_dwh_project\dbt_project.yml
  Verify that each entry within packages.yml (and their transitive dependencies) contains a file named dbt_project.yml
  
[0m16:55:21.823688 [debug] [MainThread]: Command `dbt run` failed at 16:55:21.823501 after 0.28 seconds
[0m16:55:21.824121 [debug] [MainThread]: Sending event: {'category': 'dbt', 'action': 'invocation', 'label': 'end', 'context': [<snowplow_tracker.self_describing_json.SelfDescribingJson object at 0x00000202FF56CD60>, <snowplow_tracker.self_describing_json.SelfDescribingJson object at 0x00000202FF37EC30>, <snowplow_tracker.self_describing_json.SelfDescribingJson object at 0x00000202FF449260>]}
[0m16:55:21.824525 [debug] [MainThread]: Flushing usage events
